<?xml version="1.0" encoding="UTF-8"?>
<testng-results ignored="0" total="7" passed="7" failed="0" skipped="0">
  <reporter-output>
  </reporter-output>
  <suite started-at="2023-10-04T23:32:56 IST" name="SauceDemoSuite" finished-at="2023-10-04T23:34:31 IST" duration-ms="94548">
    <groups>
    </groups>
    <test started-at="2023-10-04T23:32:56 IST" name="SauceDemoTest" finished-at="2023-10-04T23:34:31 IST" duration-ms="94548">
      <class name="testCases.TC02_ShopProduct">
        <test-method is-config="true" signature="SetUp()[pri:0, instance:testCases.TC02_ShopProduct@606e4010]" started-at="2023-10-04T23:34:16 IST" name="SetUp" finished-at="2023-10-04T23:34:21 IST" duration-ms="4396" status="PASS">
          <reporter-output>
          </reporter-output>
        </test-method> <!-- SetUp -->
        <test-method signature="Login()[pri:1, instance:testCases.TC02_ShopProduct@606e4010]" started-at="2023-10-04T23:34:21 IST" name="Login" finished-at="2023-10-04T23:34:21 IST" duration-ms="458" status="PASS">
          <reporter-output>
          </reporter-output>
        </test-method> <!-- Login -->
        <test-method signature="SortProduct()[pri:2, instance:testCases.TC02_ShopProduct@606e4010]" started-at="2023-10-04T23:34:21 IST" name="SortProduct" finished-at="2023-10-04T23:34:24 IST" duration-ms="2613" status="PASS">
          <reporter-output>
          </reporter-output>
        </test-method> <!-- SortProduct -->
        <test-method signature="ShopProduct()[pri:3, instance:testCases.TC02_ShopProduct@606e4010]" started-at="2023-10-04T23:34:24 IST" name="ShopProduct" finished-at="2023-10-04T23:34:25 IST" duration-ms="1386" status="PASS">
          <reporter-output>
          </reporter-output>
        </test-method> <!-- ShopProduct -->
        <test-method is-config="true" signature="TearDown()[pri:0, instance:testCases.TC02_ShopProduct@606e4010]" started-at="2023-10-04T23:34:25 IST" name="TearDown" finished-at="2023-10-04T23:34:25 IST" duration-ms="136" status="PASS">
          <reporter-output>
          </reporter-output>
        </test-method> <!-- TearDown -->
      </class> <!-- testCases.TC02_ShopProduct -->
      <class name="testCases.TC03_AddRemoveProduct">
        <test-method is-config="true" signature="SetUp()[pri:0, instance:testCases.TC03_AddRemoveProduct@8458f04]" started-at="2023-10-04T23:34:25 IST" name="SetUp" finished-at="2023-10-04T23:34:29 IST" duration-ms="3614" status="PASS">
          <reporter-output>
          </reporter-output>
        </test-method> <!-- SetUp -->
        <test-method signature="Login()[pri:1, instance:testCases.TC03_AddRemoveProduct@8458f04]" started-at="2023-10-04T23:34:29 IST" name="Login" finished-at="2023-10-04T23:34:30 IST" duration-ms="571" status="PASS">
          <reporter-output>
          </reporter-output>
        </test-method> <!-- Login -->
        <test-method signature="AddProduct()[pri:2, instance:testCases.TC03_AddRemoveProduct@8458f04]" started-at="2023-10-04T23:34:30 IST" name="AddProduct" finished-at="2023-10-04T23:34:30 IST" duration-ms="762" status="PASS">
          <reporter-output>
          </reporter-output>
        </test-method> <!-- AddProduct -->
        <test-method signature="RemoveProduct()[pri:3, instance:testCases.TC03_AddRemoveProduct@8458f04]" started-at="2023-10-04T23:34:30 IST" name="RemoveProduct" finished-at="2023-10-04T23:34:31 IST" duration-ms="350" status="PASS">
          <reporter-output>
          </reporter-output>
        </test-method> <!-- RemoveProduct -->
        <test-method is-config="true" signature="TearDown()[pri:0, instance:testCases.TC03_AddRemoveProduct@8458f04]" started-at="2023-10-04T23:34:31 IST" name="TearDown" finished-at="2023-10-04T23:34:31 IST" duration-ms="136" status="PASS">
          <reporter-output>
          </reporter-output>
        </test-method> <!-- TearDown -->
      </class> <!-- testCases.TC03_AddRemoveProduct -->
      <class name="testCases.TC01_Login_ExcelDataDriven">
        <test-method is-config="true" signature="SetUp()[pri:0, instance:testCases.TC01_Login_ExcelDataDriven@2d901eb0]" started-at="2023-10-04T23:32:56 IST" name="SetUp" finished-at="2023-10-04T23:33:02 IST" duration-ms="5951" status="PASS">
          <reporter-output>
          </reporter-output>
        </test-method> <!-- SetUp -->
        <test-method signature="LoginTest()[pri:0, instance:testCases.TC01_Login_ExcelDataDriven@2d901eb0]" started-at="2023-10-04T23:33:02 IST" name="LoginTest" finished-at="2023-10-04T23:34:16 IST" duration-ms="73798" status="PASS">
          <reporter-output>
          </reporter-output>
        </test-method> <!-- LoginTest -->
        <test-method is-config="true" signature="TearDown()[pri:0, instance:testCases.TC01_Login_ExcelDataDriven@2d901eb0]" started-at="2023-10-04T23:34:16 IST" name="TearDown" finished-at="2023-10-04T23:34:16 IST" duration-ms="257" status="PASS">
          <reporter-output>
          </reporter-output>
        </test-method> <!-- TearDown -->
      </class> <!-- testCases.TC01_Login_ExcelDataDriven -->
    </test> <!-- SauceDemoTest -->
  </suite> <!-- SauceDemoSuite -->
</testng-results>
