<?xml version="1.0" encoding="UTF-8"?>
<!-- Generated by org.testng.reporters.JUnitXMLReporter -->
<testsuite ignored="0" hostname="Megha" failures="0" tests="7" name="SauceDemoTest" time="94.548" errors="0" timestamp="2023-10-04T23:34:31 IST">
  <testcase classname="testCases.TC01_Login_ExcelDataDriven" name="LoginTest" time="73.798"/>
  <testcase classname="testCases.TC02_ShopProduct" name="Login" time="0.458"/>
  <testcase classname="testCases.TC02_ShopProduct" name="SortProduct" time="2.613"/>
  <testcase classname="testCases.TC02_ShopProduct" name="ShopProduct" time="1.386"/>
  <testcase classname="testCases.TC03_AddRemoveProduct" name="Login" time="0.571"/>
  <testcase classname="testCases.TC03_AddRemoveProduct" name="AddProduct" time="0.762"/>
  <testcase classname="testCases.TC03_AddRemoveProduct" name="RemoveProduct" time="0.35"/>
</testsuite> <!-- SauceDemoTest -->
