<?xml version="1.0" encoding="UTF-8"?>
<!-- Generated by org.testng.reporters.JUnitXMLReporter -->
<testsuite ignored="0" hostname="Megha" failures="0" tests="3" name="Default test" time="10.88" errors="0" timestamp="2023-10-04T23:28:57 IST">
  <testcase classname="testCases.TC03_AddRemoveProduct" name="Login" time="0.55"/>
  <testcase classname="testCases.TC03_AddRemoveProduct" name="AddProduct" time="0.698"/>
  <testcase classname="testCases.TC03_AddRemoveProduct" name="RemoveProduct" time="0.328"/>
</testsuite> <!-- Default test -->
